mode: set
epicstyle/analyzer.go:16.39,23.2 3 1
epicstyle/analyzer.go:26.32,70.18 11 1
epicstyle/analyzer.go:70.18,91.3 5 1
epicstyle/analyzer.go:95.62,97.16 2 1
epicstyle/analyzer.go:97.16,99.3 1 1
epicstyle/analyzer.go:101.2,105.29 2 1
epicstyle/analyzer.go:105.29,107.17 2 1
epicstyle/analyzer.go:107.17,108.12 1 0
epicstyle/analyzer.go:110.3,114.34 5 1
epicstyle/analyzer.go:114.34,116.4 1 1
epicstyle/analyzer.go:120.2,120.27 1 1
epicstyle/analyzer.go:120.27,122.37 2 1
epicstyle/analyzer.go:122.37,124.4 1 1
epicstyle/analyzer.go:125.3,125.62 1 1
epicstyle/analyzer.go:128.2,128.20 1 1
epicstyle/analyzer.go:132.64,136.16 3 1
epicstyle/analyzer.go:136.16,138.3 1 1
epicstyle/analyzer.go:140.2,140.18 1 1
epicstyle/analyzer.go:140.18,141.79 1 1
epicstyle/analyzer.go:141.79,142.18 1 1
epicstyle/analyzer.go:142.18,144.5 1 0
epicstyle/analyzer.go:145.4,145.64 1 1
epicstyle/analyzer.go:145.64,147.5 1 1
epicstyle/analyzer.go:148.4,148.14 1 1
epicstyle/analyzer.go:150.3,150.17 1 1
epicstyle/analyzer.go:150.17,152.4 1 0
epicstyle/analyzer.go:153.8,153.75 1 1
epicstyle/analyzer.go:153.75,155.3 1 1
epicstyle/analyzer.go:157.2,157.19 1 1
epicstyle/analyzer.go:161.70,163.16 2 1
epicstyle/analyzer.go:163.16,165.3 1 1
epicstyle/analyzer.go:167.2,182.8 5 1
epicstyle/analyzer.go:186.84,188.31 2 1
epicstyle/analyzer.go:188.31,189.28 1 1
epicstyle/analyzer.go:189.28,192.4 2 1
epicstyle/analyzer.go:194.2,194.19 1 1
epicstyle/analyzer.go:198.67,200.31 2 1
epicstyle/analyzer.go:200.31,202.28 2 1
epicstyle/analyzer.go:202.28,204.4 1 1
epicstyle/analyzer.go:205.3,205.19 1 1
epicstyle/analyzer.go:207.2,207.15 1 1
epicstyle/analyzer.go:207.15,209.3 1 1
epicstyle/analyzer.go:210.2,210.14 1 1
epicstyle/helpers.go:6.33,7.13 1 1
epicstyle/helpers.go:7.13,9.3 1 1
epicstyle/helpers.go:10.2,10.22 1 1
epicstyle/helpers.go:10.22,11.27 1 1
epicstyle/helpers.go:11.27,13.4 1 1
epicstyle/helpers.go:14.3,14.44 1 1
epicstyle/helpers.go:14.44,16.4 1 1
epicstyle/helpers.go:18.2,18.13 1 1
epicstyle/helpers.go:22.42,23.13 1 1
epicstyle/helpers.go:23.13,25.3 1 1
epicstyle/helpers.go:26.2,26.22 1 1
epicstyle/helpers.go:26.22,27.27 1 1
epicstyle/helpers.go:27.27,29.4 1 1
epicstyle/helpers.go:30.3,30.44 1 1
epicstyle/helpers.go:30.44,32.4 1 1
epicstyle/helpers.go:34.2,34.13 1 1
epicstyle/helpers.go:38.54,43.29 4 1
epicstyle/helpers.go:43.29,48.115 2 1
epicstyle/helpers.go:48.115,51.79 1 1
epicstyle/helpers.go:51.79,55.21 2 1
epicstyle/helpers.go:55.21,58.24 3 1
epicstyle/helpers.go:58.24,60.42 2 1
epicstyle/helpers.go:60.42,62.8 1 1
epicstyle/helpers.go:65.7,67.28 3 1
epicstyle/helpers.go:67.28,70.82 3 1
epicstyle/helpers.go:70.82,72.9 1 1
epicstyle/helpers.go:74.8,78.9 1 1
epicstyle/helpers.go:86.3,89.75 3 1
epicstyle/helpers.go:89.75,93.4 3 1
epicstyle/helpers.go:96.2,96.18 1 1
epicstyle/main.go:10.13,21.40 8 0
epicstyle/main.go:21.40,23.3 1 0
epicstyle/main.go:25.2,25.16 1 0
epicstyle/main.go:25.16,29.3 3 0
epicstyle/main.go:32.2,34.16 3 0
epicstyle/main.go:34.16,37.3 2 0
epicstyle/main.go:40.2,40.17 1 0
epicstyle/main.go:40.17,41.33 1 0
epicstyle/main.go:41.33,43.4 1 0
epicstyle/main.go:44.3,44.13 1 0
epicstyle/main.go:48.2,48.15 1 0
epicstyle/main.go:48.15,50.3 1 0
epicstyle/main.go:50.8,52.3 1 0
epicstyle/main.go:55.2,55.32 1 0
epicstyle/main.go:55.32,57.3 1 0
epicstyle/main.go:61.33,64.2 2 1
epicstyle/reporter.go:10.48,15.2 4 1
epicstyle/reporter.go:18.20,23.2 4 1
epicstyle/reporter.go:26.35,34.27 7 1
epicstyle/reporter.go:34.27,36.3 1 1
epicstyle/reporter.go:37.2,38.15 2 1
epicstyle/reporter.go:42.53,44.47 1 1
epicstyle/reporter.go:44.47,46.3 1 0
epicstyle/reporter.go:49.2,49.36 1 1
epicstyle/reporter.go:49.36,50.32 1 1
epicstyle/reporter.go:50.32,53.4 1 1
epicstyle/reporter.go:53.9,56.4 1 1
epicstyle/reporter.go:58.3,58.42 1 1
epicstyle/reporter.go:58.42,60.4 1 1
epicstyle/reporter.go:63.2,63.15 1 1
epicstyle/reporter.go:67.46,68.31 1 1
epicstyle/reporter.go:68.31,70.28 2 1
epicstyle/reporter.go:70.28,72.4 1 1
epicstyle/reporter.go:73.3,74.26 2 1
epicstyle/reporter.go:74.26,76.4 1 1
epicstyle/reporter.go:81.38,84.29 3 1
epicstyle/reporter.go:84.29,87.3 2 1
epicstyle/reporter.go:87.8,87.36 1 1
epicstyle/reporter.go:87.36,90.3 2 1
epicstyle/reporter.go:90.8,90.36 1 1
epicstyle/reporter.go:90.36,93.3 2 1
epicstyle/reporter.go:95.2,100.282 5 1
epicstyle/reporter.go:104.48,111.2 5 1
epicstyle/rules.go:10.88,12.38 2 1
epicstyle/rules.go:12.38,13.21 1 1
epicstyle/rules.go:13.21,21.4 1 1
epicstyle/rules.go:23.2,23.19 1 1
epicstyle/rules.go:27.88,32.57 3 1
epicstyle/rules.go:32.57,40.3 1 1
epicstyle/rules.go:43.2,43.68 1 1
epicstyle/rules.go:43.68,51.3 1 1
epicstyle/rules.go:54.2,54.34 1 1
epicstyle/rules.go:54.34,55.79 1 1
epicstyle/rules.go:55.79,63.4 1 1
epicstyle/rules.go:66.2,66.19 1 1
epicstyle/rules.go:70.89,72.38 2 1
epicstyle/rules.go:72.38,73.38 1 1
epicstyle/rules.go:73.38,81.4 1 1
epicstyle/rules.go:83.2,83.19 1 1
epicstyle/rules.go:87.97,89.38 2 1
epicstyle/rules.go:89.38,93.80 2 1
epicstyle/rules.go:93.80,94.76 1 1
epicstyle/rules.go:94.76,102.5 1 1
epicstyle/rules.go:105.2,105.19 1 1
epicstyle/rules.go:109.94,112.2 1 1
epicstyle/rules.go:115.86,120.24 4 1
epicstyle/rules.go:120.24,128.3 1 1
epicstyle/rules.go:129.2,129.19 1 1
epicstyle/rules.go:133.91,137.38 3 1
epicstyle/rules.go:137.38,143.77 2 1
epicstyle/rules.go:143.77,144.42 1 1
epicstyle/rules.go:144.42,146.5 1 1
epicstyle/rules.go:150.2,150.19 1 1
epicstyle/rules.go:150.19,158.3 1 1
epicstyle/rules.go:159.2,159.19 1 1
epicstyle/rules.go:163.91,165.40 2 1
epicstyle/rules.go:165.40,166.49 1 1
epicstyle/rules.go:166.49,174.4 1 1
epicstyle/rules.go:176.2,176.19 1 1
epicstyle/rules.go:180.88,182.38 2 1
epicstyle/rules.go:182.38,184.45 2 1
epicstyle/rules.go:184.45,186.23 2 1
epicstyle/rules.go:186.23,188.41 2 1
epicstyle/rules.go:188.41,196.6 1 1
epicstyle/rules.go:200.2,200.19 1 1
epicstyle/rules.go:204.92,206.40 2 1
epicstyle/rules.go:206.40,208.18 2 1
epicstyle/rules.go:208.18,216.4 1 1
epicstyle/rules.go:218.2,218.19 1 1
epicstyle/rules.go:222.91,224.38 2 1
epicstyle/rules.go:224.38,225.35 1 1
epicstyle/rules.go:225.35,233.4 1 1
epicstyle/rules.go:235.2,235.19 1 1
epicstyle/rules.go:239.93,242.2 1 1
epicstyle/rules.go:245.93,248.2 1 1
epicstyle/rules.go:251.96,253.40 2 1
epicstyle/rules.go:253.40,254.24 1 1
epicstyle/rules.go:254.24,262.4 1 1
epicstyle/rules.go:264.2,264.19 1 1
epicstyle/rules.go:268.96,270.38 2 1
epicstyle/rules.go:270.38,272.76 2 1
epicstyle/rules.go:272.76,280.4 1 1
epicstyle/rules.go:282.2,282.19 1 1
